<?xml version="1.0" encoding="UTF-8"?>
<testsuite xmlns:xsi="http://www.w3.org/2001/XMLSchema-instance" xsi:noNamespaceSchemaLocation="https://maven.apache.org/surefire/maven-surefire-plugin/xsd/surefire-test-report-3.0.xsd" version="3.0" name="com.adactin.runner.Runnerclass" time="40.711" tests="24" errors="0" skipped="0" failures="0">
  <properties>
[...]
</properties>
  <testcase name="Given To Launch The Url Of The Adactin Web Application" classname="Scenario: To Verify the Login Page in the adactin Web Application" time="0.003">
    <system-out><![CDATA[Feature: Hotel Booking in the Adactin Application
]]></system-out>
    <system-err><![CDATA[SLF4J: No SLF4J providers were found.
SLF4J: Defaulting to no-operation (NOP) logger implementation
SLF4J: See https://www.slf4j.org/codes.html#noProviders for further details.
Starting ChromeDriver 118.0.5993.70 (e52f33f30b91b4ddfad649acddc39ab570473b86-refs/branch-heads/5993@{#1216}) on port 12880
Only local connections are allowed.
Please see https://chromedriver.chromium.org/security-considerations for suggestions on keeping ChromeDriver safe.
ChromeDriver was started successfully.
Nov 08, 2023 3:36:58 PM org.openqa.selenium.remote.ProtocolHandshake createSession
INFO: Detected dialect: W3C
]]></system-err>
  </testcase>
  <testcase name="When user Enter The Username In The Username Field" classname="Scenario: To Verify the Login Page in the adactin Web Application" time="0"/>
  <testcase name="And user Enter The Password In The Password Field" classname="Scenario: To Verify the Login Page in the adactin Web Application" time="0"/>
  <testcase name="Then user click the Login Button And Navigate to Next Page" classname="Scenario: To Verify the Login Page in the adactin Web Application" time="0"/>
  <testcase name="When user Select The Location In The Location Drop-Down Field" classname="Scenario: To Verify the Search Hotel Page" time="0">
    <system-out><![CDATA[
  @login
  Scenario: To Verify the Login Page in the adactin Web Application # adactin.feature:3
    Given To Launch The Url Of The Adactin Web Application          # stepdefinitionclass.to_Launch_The_Url_Of_The_Adactin_Web_Application()
    When user Enter The Username In The Username Field              # stepdefinitionclass.user_Enter_The_Username_In_The_Username_Field()
    And user Enter The Password In The Password Field               # stepdefinitionclass.user_Enter_The_Password_In_The_Password_Field()
    Then user click the Login Button And Navigate to Next Page      # stepdefinitionclass.user_click_the_Login_Button_And_Navigate_to_Next_Page()
]]></system-out>
  </testcase>
  <testcase name="And user Select The Hotels In The Hotels Drop-Down Field" classname="Scenario: To Verify the Search Hotel Page" time="0"/>
  <testcase name="And user Select The Room_Types In The Room_Types Drop-Down Field" classname="Scenario: To Verify the Search Hotel Page" time="0"/>
  <testcase name="And user Select the Number_Of_Rooms In The Number_Of_Rooms Field" classname="Scenario: To Verify the Search Hotel Page" time="0.007"/>
  <testcase name="And user Select the Check_In_Date In The Check_In_Date Drop-Down Field" classname="Scenario: To Verify the Search Hotel Page" time="0"/>
  <testcase name="And user Select the Check_Out_Date In The Check_Out_Date Drop-Down Field" classname="Scenario: To Verify the Search Hotel Page" time="0"/>
  <testcase name="And user Select the Adults_Per_Room In The Adults_Per_Room Drop-Down Field" classname="Scenario: To Verify the Search Hotel Page" time="0"/>
  <testcase name="And user Select the Children_Per_Room In The Children_Per_Room Drop-Down Field" classname="Scenario: To Verify the Search Hotel Page" time="0"/>
  <testcase name="Then user Click the Search Button And Navigate to Next Page" classname="Scenario: To Verify the Search Hotel Page" time="0"/>
  <testcase name="When user Select The Hotel Name In Select Radio Button" classname="Scenario: To Verfiy the Select Hotel Page" time="0">
    <system-out><![CDATA[
  @search_hotel
  Scenario: To Verify the Search Hotel Page                                        # adactin.feature:10
    When user Select The Location In The Location Drop-Down Field                  # stepdefinitionclass.user_Select_The_Location_In_The_Location_Drop_Down_Field()
    And user Select The Hotels In The Hotels Drop-Down Field                       # stepdefinitionclass.user_Select_The_Hotels_In_The_Hotels_Drop_Down_Field()
    And user Select The Room_Types In The Room_Types Drop-Down Field               # stepdefinitionclass.user_Select_The_Room_Types_In_The_Room_Types_Drop_Down_Field()
    And user Select the Number_Of_Rooms In The Number_Of_Rooms Field               # stepdefinitionclass.user_Select_the_Number_Of_Rooms_In_The_Number_Of_Rooms_Field()
    And user Select the Check_In_Date In The Check_In_Date Drop-Down Field         # stepdefinitionclass.user_Select_the_Check_In_Date_In_The_Check_In_Date_Drop_Down_Field()
    And user Select the Check_Out_Date In The Check_Out_Date Drop-Down Field       # stepdefinitionclass.user_Select_the_Check_Out_Date_In_The_Check_Out_Date_Drop_Down_Field()
    And user Select the Adults_Per_Room In The Adults_Per_Room Drop-Down Field     # stepdefinitionclass.user_Select_the_Adults_Per_Room_In_The_Adults_Per_Room_Drop_Down_Field()
    And user Select the Children_Per_Room In The Children_Per_Room Drop-Down Field # stepdefinitionclass.user_Select_the_Children_Per_Room_In_The_Children_Per_Room_Drop_Down_Field()
    Then user Click the Search Button And Navigate to Next Page                    # stepdefinitionclass.user_Click_the_Search_Button_And_Navigate_to_Next_Page()
]]></system-out>
  </testcase>
  <testcase name="Then user Click the Click Button  And Navigate to Next Page" classname="Scenario: To Verfiy the Select Hotel Page" time="0"/>
  <testcase name="When user Enter The First Name in the FirstName Field" classname="Scenario: To Verfiy the Book A Hotel Page" time="0.001">
    <system-out><![CDATA[
  @select_hotel
  Scenario: To Verfiy the Select Hotel Page                     # adactin.feature:22
    When user Select The Hotel Name In Select Radio Button      # stepdefinitionclass.user_Select_The_Hotel_Name_In_Select_Radio_Button()
    Then user Click the Click Button  And Navigate to Next Page # stepdefinitionclass.user_Click_the_Click_Button_And_Navigate_to_Next_Page()
]]></system-out>
  </testcase>
  <testcase name="And user Enter The Last Name in the LastName Field" classname="Scenario: To Verfiy the Book A Hotel Page" time="0"/>
  <testcase name="And user Enter the Address in the Billing Address Field" classname="Scenario: To Verfiy the Book A Hotel Page" time="0"/>
  <testcase name="And user Enter the Credit Card Number in the CreditCard Number field" classname="Scenario: To Verfiy the Book A Hotel Page" time="0"/>
  <testcase name="And user Select the Credit Card Type in the CreditCard Type" classname="Scenario: To Verfiy the Book A Hotel Page" time="0"/>
  <testcase name="And user Select the Expiry month and Expiry Year in the  Expiry Date Dropdown" classname="Scenario: To Verfiy the Book A Hotel Page" time="0"/>
  <testcase name="And user Enter the CVV number in the CVV number field" classname="Scenario: To Verfiy the Book A Hotel Page" time="0"/>
  <testcase name="Then user Click the BookNow Button And It will navigate to the Booking Confirmation Page" classname="Scenario: To Verfiy the Book A Hotel Page" time="0"/>
  <testcase name="When user click the Logout Button" classname="Scenario: To Verify the Booking Confirmation Page Functionality" time="0">
    <system-out><![CDATA[
  @book_hotel
  Scenario: To Verfiy the Book A Hotel Page                                                  # adactin.feature:27
    When user Enter The First Name in the FirstName Field                                    # stepdefinitionclass.user_Enter_The_First_Name_in_the_FirstName_Field()
    And user Enter The Last Name in the LastName Field                                       # stepdefinitionclass.user_Enter_The_Last_Name_in_the_LastName_Field()
    And user Enter the Address in the Billing Address Field                                  # stepdefinitionclass.user_Enter_the_Address_in_the_Billing_Address_Field()
    And user Enter the Credit Card Number in the CreditCard Number field                     # stepdefinitionclass.user_Enter_the_Credit_Card_Number_in_the_CreditCard_Number_field()
    And user Select the Credit Card Type in the CreditCard Type                              # stepdefinitionclass.user_Select_the_Credit_Card_Type_in_the_CreditCard_Type()
    And user Select the Expiry month and Expiry Year in the  Expiry Date Dropdown            # stepdefinitionclass.user_Select_the_Expiry_month_and_Expiry_Year_in_the_Expiry_Date_Dropdown()
    And user Enter the CVV number in the CVV number field                                    # stepdefinitionclass.user_Enter_the_CVV_number_in_the_CVV_number_field()
    Then user Click the BookNow Button And It will navigate to the Booking Confirmation Page # stepdefinitionclass.user_Click_the_BookNow_Button_And_It_will_navigate_to_the_Booking_Confirmation_Page()
]]></system-out>
  </testcase>
</testsuite>